TN:
SF:C:\Users\fru\Desktop\advanced-phantom\src\index.js
FN:10,(anonymous_1)
FN:14,(anonymous_2)
FN:18,(anonymous_3)
FN:21,(anonymous_4)
FN:32,callbackOrDummy
FN:33,(anonymous_6)
FN:35,(anonymous_7)
FN:38,(anonymous_8)
FN:49,unwrapArray
FN:53,wrapArray
FN:58,(anonymous_11)
FN:63,spawnPhantom
FN:73,(anonymous_13)
FN:80,(anonymous_14)
FN:86,(anonymous_15)
FN:92,(anonymous_16)
FN:96,(anonymous_17)
FN:103,(anonymous_18)
FN:104,(anonymous_19)
FN:112,(anonymous_20)
FN:114,(anonymous_21)
FN:150,(anonymous_22)
FN:164,(anonymous_23)
FN:186,(anonymous_24)
FN:193,(anonymous_25)
FN:202,(anonymous_26)
FN:215,(anonymous_27)
FN:218,(anonymous_28)
FN:221,(anonymous_29)
FN:224,(anonymous_30)
FN:232,(anonymous_31)
FN:238,(anonymous_32)
FN:245,(anonymous_33)
FN:247,(anonymous_34)
FN:262,(anonymous_35)
FN:263,(anonymous_36)
FN:281,(anonymous_37)
FN:297,(anonymous_38)
FN:302,(anonymous_39)
FN:305,(anonymous_40)
FN:333,(anonymous_41)
FN:349,(anonymous_42)
FN:352,(anonymous_43)
FN:355,(anonymous_44)
FN:358,(anonymous_45)
FN:361,(anonymous_46)
FN:364,(anonymous_47)
FN:367,(anonymous_48)
FN:370,(anonymous_49)
FN:374,(anonymous_50)
FN:383,setup_long_poll
FN:394,(anonymous_52)
FN:396,(anonymous_53)
FN:400,(anonymous_54)
FN:403,(anonymous_55)
FN:406,(anonymous_56)
FN:423,(anonymous_57)
FN:451,(anonymous_58)
FN:457,(anonymous_59)
FN:458,(anonymous_60)
FNF:60
FNH:44
FNDA:15,(anonymous_1)
FNDA:51,(anonymous_2)
FNDA:102,(anonymous_3)
FNDA:51,(anonymous_4)
FNDA:66,callbackOrDummy
FNDA:16,(anonymous_6)
FNDA:49,(anonymous_7)
FNDA:49,(anonymous_8)
FNDA:14,unwrapArray
FNDA:0,wrapArray
FNDA:16,(anonymous_11)
FNDA:16,spawnPhantom
FNDA:0,(anonymous_13)
FNDA:0,(anonymous_14)
FNDA:32,(anonymous_15)
FNDA:1,(anonymous_16)
FNDA:0,(anonymous_17)
FNDA:15,(anonymous_18)
FNDA:30,(anonymous_19)
FNDA:15,(anonymous_20)
FNDA:0,(anonymous_21)
FNDA:15,(anonymous_22)
FNDA:15,(anonymous_23)
FNDA:16,(anonymous_24)
FNDA:16,(anonymous_25)
FNDA:15,(anonymous_26)
FNDA:1,(anonymous_27)
FNDA:5,(anonymous_28)
FNDA:3,(anonymous_29)
FNDA:7,(anonymous_30)
FNDA:0,(anonymous_31)
FNDA:0,(anonymous_32)
FNDA:0,(anonymous_33)
FNDA:0,(anonymous_34)
FNDA:465,(anonymous_35)
FNDA:19,(anonymous_36)
FNDA:51,(anonymous_37)
FNDA:51,(anonymous_38)
FNDA:51,(anonymous_39)
FNDA:51,(anonymous_40)
FNDA:0,(anonymous_41)
FNDA:15,(anonymous_42)
FNDA:1,(anonymous_43)
FNDA:0,(anonymous_44)
FNDA:0,(anonymous_45)
FNDA:0,(anonymous_46)
FNDA:0,(anonymous_47)
FNDA:0,(anonymous_48)
FNDA:15,(anonymous_49)
FNDA:12,(anonymous_50)
FNDA:15,setup_long_poll
FNDA:15,(anonymous_52)
FNDA:94,(anonymous_53)
FNDA:50,(anonymous_54)
FNDA:50,(anonymous_55)
FNDA:50,(anonymous_56)
FNDA:113,(anonymous_57)
FNDA:0,(anonymous_58)
FNDA:46,(anonymous_59)
FNDA:45,(anonymous_60)
DA:3,1
DA:4,1
DA:5,1
DA:6,1
DA:8,1
DA:10,1
DA:11,15
DA:12,15
DA:13,15
DA:15,51
DA:16,51
DA:19,102
DA:20,51
DA:21,51
DA:22,51
DA:23,51
DA:25,51
DA:26,51
DA:29,15
DA:32,1
DA:33,66
DA:34,50
DA:35,49
DA:36,49
DA:38,49
DA:40,49
DA:45,1
DA:49,1
DA:50,14
DA:53,1
DA:55,0
DA:58,1
DA:59,16
DA:60,16
DA:61,16
DA:63,1
DA:64,16
DA:65,16
DA:66,1
DA:68,16
DA:70,16
DA:73,16
DA:74,0
DA:75,0
DA:77,0
DA:80,16
DA:81,0
DA:82,0
DA:86,16
DA:87,32
DA:90,16
DA:92,16
DA:93,1
DA:96,16
DA:97,0
DA:98,0
DA:100,0
DA:102,16
DA:103,16
DA:104,15
DA:105,30
DA:107,15
DA:108,15
DA:112,16
DA:114,15
DA:115,0
DA:124,15
DA:125,15
DA:126,15
DA:128,0
DA:129,0
DA:131,0
DA:132,0
DA:134,15
DA:135,15
DA:137,0
DA:138,0
DA:140,0
DA:141,0
DA:148,15
DA:150,15
DA:151,15
DA:153,4
DA:155,15
DA:156,15
DA:158,15
DA:159,0
DA:162,15
DA:164,15
DA:165,15
DA:166,0
DA:167,0
DA:169,15
DA:170,15
DA:171,15
DA:172,15
DA:176,15
DA:177,0
DA:178,0
DA:181,15
DA:186,16
DA:187,16
DA:188,0
DA:193,16
DA:194,16
DA:195,1
DA:200,15
DA:202,15
DA:204,15
DA:214,15
DA:216,1
DA:219,5
DA:222,3
DA:225,7
DA:226,7
DA:227,1
DA:230,7
DA:233,0
DA:234,0
DA:235,0
DA:238,0
DA:239,0
DA:241,0
DA:242,0
DA:245,0
DA:246,0
DA:248,0
DA:249,0
DA:250,0
DA:253,0
DA:258,0
DA:259,0
DA:262,15
DA:263,465
DA:264,19
DA:265,19
DA:266,19
DA:267,18
DA:269,19
DA:270,19
DA:274,15
DA:276,15
DA:279,15
DA:281,15
DA:282,51
DA:283,51
DA:284,51
DA:285,51
DA:286,51
DA:288,51
DA:295,51
DA:297,51
DA:299,51
DA:300,51
DA:301,51
DA:302,51
DA:303,51
DA:305,51
DA:306,51
DA:307,51
DA:308,0
DA:309,0
DA:311,51
DA:314,51
DA:315,0
DA:316,0
DA:319,51
DA:320,15
DA:321,15
DA:323,15
DA:324,15
DA:328,36
DA:329,36
DA:333,51
DA:334,0
DA:335,0
DA:338,51
DA:340,51
DA:342,51
DA:343,51
DA:344,51
DA:347,15
DA:350,15
DA:353,1
DA:356,0
DA:359,0
DA:362,0
DA:365,0
DA:368,0
DA:371,15
DA:372,15
DA:375,12
DA:379,15
DA:383,1
DA:386,15
DA:393,15
DA:394,15
DA:396,15
DA:397,94
DA:398,80
DA:400,50
DA:401,50
DA:402,50
DA:403,50
DA:404,50
DA:406,50
DA:408,50
DA:409,50
DA:410,50
DA:413,0
DA:414,0
DA:415,0
DA:423,50
DA:424,113
DA:425,113
DA:426,0
DA:427,0
DA:428,0
DA:431,113
DA:432,14
DA:433,14
DA:435,0
DA:439,14
DA:444,0
DA:445,0
DA:448,50
DA:451,50
DA:452,0
DA:453,0
DA:457,15
DA:458,46
DA:459,45
DA:463,15
DA:465,15
LF:234
LH:173
BRDA:8,1,0,1
BRDA:8,1,1,1
BRDA:19,2,0,51
BRDA:19,2,1,51
BRDA:19,3,0,102
BRDA:19,3,1,101
BRDA:33,4,0,16
BRDA:33,4,1,50
BRDA:34,5,0,49
BRDA:34,5,1,1
BRDA:50,6,0,12
BRDA:50,6,1,2
BRDA:50,7,0,14
BRDA:50,7,1,14
BRDA:55,8,0,0
BRDA:55,8,1,0
BRDA:59,9,0,0
BRDA:59,9,1,16
BRDA:60,10,0,0
BRDA:60,10,1,16
BRDA:61,11,0,15
BRDA:61,11,1,1
BRDA:97,12,0,0
BRDA:97,12,1,0
BRDA:97,13,0,0
BRDA:97,13,1,0
BRDA:126,14,0,0
BRDA:126,14,1,0
BRDA:126,14,2,15
BRDA:126,14,3,0
BRDA:126,14,4,0
BRDA:151,15,0,4
BRDA:151,15,1,11
BRDA:165,16,0,0
BRDA:165,16,1,15
BRDA:171,17,0,15
BRDA:171,17,1,0
BRDA:176,18,0,0
BRDA:176,18,1,15
BRDA:187,19,0,0
BRDA:187,19,1,16
BRDA:194,20,0,1
BRDA:194,20,1,15
BRDA:226,21,0,1
BRDA:226,21,1,6
BRDA:241,22,0,0
BRDA:241,22,1,0
BRDA:249,23,0,0
BRDA:249,23,1,0
BRDA:258,24,0,0
BRDA:258,24,1,0
BRDA:266,25,0,18
BRDA:266,25,1,1
BRDA:266,26,0,19
BRDA:266,26,1,19
BRDA:299,27,0,0
BRDA:299,27,1,51
BRDA:307,28,0,0
BRDA:307,28,1,51
BRDA:314,29,0,0
BRDA:314,29,1,51
BRDA:319,30,0,15
BRDA:319,30,1,36
BRDA:397,31,0,14
BRDA:397,31,1,80
BRDA:398,32,0,30
BRDA:398,32,1,50
BRDA:408,33,0,0
BRDA:408,33,1,50
BRDA:424,34,0,113
BRDA:424,34,1,0
BRDA:425,35,0,0
BRDA:425,35,1,113
BRDA:425,36,0,113
BRDA:425,36,1,113
BRDA:427,37,0,0
BRDA:427,37,1,0
BRDA:431,38,0,14
BRDA:431,38,1,99
BRDA:431,39,0,113
BRDA:431,39,1,113
BRDA:433,40,0,0
BRDA:433,40,1,14
BRDA:452,41,0,0
BRDA:452,41,1,0
BRDA:452,42,0,0
BRDA:452,42,1,0
BRF:87
BRH:52
end_of_record
