TN:
SF:C:\Users\fru\Desktop\advanced-phantom\src\index.js
FN:8,(anonymous_1)
FN:12,(anonymous_2)
FN:16,(anonymous_3)
FN:19,(anonymous_4)
FN:30,callbackOrDummy
FN:31,(anonymous_6)
FN:33,(anonymous_7)
FN:36,(anonymous_8)
FN:47,unwrapArray
FN:51,wrapArray
FN:56,(anonymous_11)
FN:58,(anonymous_12)
FN:65,(anonymous_13)
FN:78,(anonymous_14)
FN:81,(anonymous_15)
FN:84,(anonymous_16)
FN:87,(anonymous_17)
FN:95,(anonymous_18)
FN:101,(anonymous_19)
FN:108,(anonymous_20)
FN:110,(anonymous_21)
FN:125,(anonymous_22)
FN:126,(anonymous_23)
FN:144,(anonymous_24)
FN:160,(anonymous_25)
FN:165,(anonymous_26)
FN:168,(anonymous_27)
FN:196,(anonymous_28)
FN:212,(anonymous_29)
FN:215,(anonymous_30)
FN:218,(anonymous_31)
FN:221,(anonymous_32)
FN:224,(anonymous_33)
FN:227,(anonymous_34)
FN:230,(anonymous_35)
FN:233,(anonymous_36)
FN:237,(anonymous_37)
FN:246,setup_long_poll
FN:257,(anonymous_39)
FN:259,(anonymous_40)
FN:263,(anonymous_41)
FN:266,(anonymous_42)
FN:269,(anonymous_43)
FN:286,(anonymous_44)
FN:314,(anonymous_45)
FN:320,(anonymous_46)
FN:321,(anonymous_47)
FNF:47
FNH:35
FNDA:15,(anonymous_1)
FNDA:51,(anonymous_2)
FNDA:102,(anonymous_3)
FNDA:51,(anonymous_4)
FNDA:66,callbackOrDummy
FNDA:16,(anonymous_6)
FNDA:49,(anonymous_7)
FNDA:49,(anonymous_8)
FNDA:14,unwrapArray
FNDA:0,wrapArray
FNDA:16,(anonymous_11)
FNDA:16,(anonymous_12)
FNDA:15,(anonymous_13)
FNDA:1,(anonymous_14)
FNDA:5,(anonymous_15)
FNDA:3,(anonymous_16)
FNDA:7,(anonymous_17)
FNDA:0,(anonymous_18)
FNDA:0,(anonymous_19)
FNDA:0,(anonymous_20)
FNDA:0,(anonymous_21)
FNDA:465,(anonymous_22)
FNDA:19,(anonymous_23)
FNDA:51,(anonymous_24)
FNDA:51,(anonymous_25)
FNDA:51,(anonymous_26)
FNDA:51,(anonymous_27)
FNDA:0,(anonymous_28)
FNDA:15,(anonymous_29)
FNDA:1,(anonymous_30)
FNDA:0,(anonymous_31)
FNDA:0,(anonymous_32)
FNDA:0,(anonymous_33)
FNDA:0,(anonymous_34)
FNDA:0,(anonymous_35)
FNDA:15,(anonymous_36)
FNDA:12,(anonymous_37)
FNDA:15,setup_long_poll
FNDA:15,(anonymous_39)
FNDA:94,(anonymous_40)
FNDA:50,(anonymous_41)
FNDA:50,(anonymous_42)
FNDA:50,(anonymous_43)
FNDA:113,(anonymous_44)
FNDA:0,(anonymous_45)
FNDA:46,(anonymous_46)
FNDA:45,(anonymous_47)
DA:3,1
DA:4,1
DA:6,1
DA:8,1
DA:9,15
DA:10,15
DA:11,15
DA:13,51
DA:14,51
DA:17,102
DA:18,51
DA:19,51
DA:20,51
DA:21,51
DA:23,51
DA:24,51
DA:27,15
DA:30,1
DA:31,66
DA:32,50
DA:33,49
DA:34,49
DA:36,49
DA:38,49
DA:43,1
DA:47,1
DA:48,14
DA:51,1
DA:53,0
DA:56,1
DA:58,16
DA:59,16
DA:63,15
DA:65,15
DA:67,15
DA:77,15
DA:79,1
DA:82,5
DA:85,3
DA:88,7
DA:89,7
DA:90,1
DA:93,7
DA:96,0
DA:97,0
DA:98,0
DA:101,0
DA:102,0
DA:104,0
DA:105,0
DA:108,0
DA:109,0
DA:111,0
DA:112,0
DA:113,0
DA:116,0
DA:121,0
DA:122,0
DA:125,15
DA:126,465
DA:127,19
DA:128,19
DA:129,19
DA:130,18
DA:132,19
DA:133,19
DA:137,15
DA:139,15
DA:142,15
DA:144,15
DA:145,51
DA:146,51
DA:147,51
DA:148,51
DA:149,51
DA:151,51
DA:158,51
DA:160,51
DA:162,51
DA:163,51
DA:164,51
DA:165,51
DA:166,51
DA:168,51
DA:169,51
DA:170,51
DA:171,0
DA:172,0
DA:174,51
DA:177,51
DA:178,0
DA:179,0
DA:182,51
DA:183,15
DA:184,15
DA:186,15
DA:187,15
DA:191,36
DA:192,36
DA:196,51
DA:197,0
DA:198,0
DA:201,51
DA:203,51
DA:205,51
DA:206,51
DA:207,51
DA:210,15
DA:213,15
DA:216,1
DA:219,0
DA:222,0
DA:225,0
DA:228,0
DA:231,0
DA:234,15
DA:235,15
DA:238,12
DA:242,15
DA:246,1
DA:249,15
DA:256,15
DA:257,15
DA:259,15
DA:260,94
DA:261,80
DA:263,50
DA:264,50
DA:265,50
DA:266,50
DA:267,50
DA:269,50
DA:271,50
DA:272,50
DA:273,50
DA:276,0
DA:277,0
DA:278,0
DA:286,50
DA:287,113
DA:288,113
DA:289,0
DA:290,0
DA:291,0
DA:294,113
DA:295,14
DA:296,14
DA:298,0
DA:302,14
DA:307,0
DA:308,0
DA:311,50
DA:314,50
DA:315,0
DA:316,0
DA:320,15
DA:321,46
DA:322,45
DA:326,15
DA:328,15
LF:160
LH:122
BRDA:6,1,0,1
BRDA:6,1,1,1
BRDA:17,2,0,51
BRDA:17,2,1,51
BRDA:17,3,0,102
BRDA:17,3,1,101
BRDA:31,4,0,16
BRDA:31,4,1,50
BRDA:32,5,0,49
BRDA:32,5,1,1
BRDA:48,6,0,12
BRDA:48,6,1,2
BRDA:48,7,0,14
BRDA:48,7,1,14
BRDA:53,8,0,0
BRDA:53,8,1,0
BRDA:59,9,0,1
BRDA:59,9,1,15
BRDA:89,10,0,1
BRDA:89,10,1,6
BRDA:104,11,0,0
BRDA:104,11,1,0
BRDA:112,12,0,0
BRDA:112,12,1,0
BRDA:121,13,0,0
BRDA:121,13,1,0
BRDA:129,14,0,18
BRDA:129,14,1,1
BRDA:129,15,0,19
BRDA:129,15,1,19
BRDA:162,16,0,0
BRDA:162,16,1,51
BRDA:170,17,0,0
BRDA:170,17,1,51
BRDA:177,18,0,0
BRDA:177,18,1,51
BRDA:182,19,0,15
BRDA:182,19,1,36
BRDA:260,20,0,14
BRDA:260,20,1,80
BRDA:261,21,0,30
BRDA:261,21,1,50
BRDA:271,22,0,0
BRDA:271,22,1,50
BRDA:287,23,0,113
BRDA:287,23,1,0
BRDA:288,24,0,0
BRDA:288,24,1,113
BRDA:288,25,0,113
BRDA:288,25,1,113
BRDA:290,26,0,0
BRDA:290,26,1,0
BRDA:294,27,0,14
BRDA:294,27,1,99
BRDA:294,28,0,113
BRDA:294,28,1,113
BRDA:296,29,0,0
BRDA:296,29,1,14
BRDA:315,30,0,0
BRDA:315,30,1,0
BRDA:315,31,0,0
BRDA:315,31,1,0
BRF:62
BRH:41
end_of_record
TN:
SF:C:\Users\fru\Desktop\advanced-phantom\src\spawn.js
FN:5,(anonymous_1)
FN:18,fatalError
FN:29,(anonymous_3)
FN:32,(anonymous_4)
FN:37,(anonymous_5)
FN:44,(anonymous_6)
FN:45,(anonymous_7)
FN:53,(anonymous_8)
FN:60,(anonymous_9)
FN:62,(anonymous_10)
FN:70,(anonymous_11)
FN:71,(anonymous_12)
FN:90,getProcessPorts
FN:112,(anonymous_14)
FNF:14
FNH:11
FNDA:16,(anonymous_1)
FNDA:0,fatalError
FNDA:48,(anonymous_3)
FNDA:1,(anonymous_4)
FNDA:0,(anonymous_5)
FNDA:15,(anonymous_6)
FNDA:45,(anonymous_7)
FNDA:16,(anonymous_8)
FNDA:15,(anonymous_9)
FNDA:0,(anonymous_10)
FNDA:15,(anonymous_11)
FNDA:15,(anonymous_12)
FNDA:30,getProcessPorts
FNDA:30,(anonymous_14)
DA:1,1
DA:2,1
DA:5,1
DA:7,16
DA:8,16
DA:9,16
DA:10,16
DA:12,16
DA:13,1
DA:16,16
DA:18,1
DA:19,0
DA:20,0
DA:21,0
DA:23,0
DA:28,16
DA:29,16
DA:30,48
DA:32,16
DA:33,1
DA:36,16
DA:37,16
DA:38,0
DA:39,0
DA:43,16
DA:44,16
DA:45,15
DA:46,45
DA:48,15
DA:53,16
DA:54,16
DA:55,0
DA:60,16
DA:62,15
DA:63,0
DA:70,15
DA:71,15
DA:72,15
DA:73,15
DA:74,15
DA:75,15
DA:78,15
DA:79,0
DA:90,1
DA:92,30
DA:93,30
DA:94,30
DA:96,0
DA:97,0
DA:99,0
DA:100,0
DA:102,30
DA:103,30
DA:105,0
DA:106,0
DA:108,0
DA:109,0
DA:112,30
DA:114,30
DA:116,30
DA:117,30
DA:119,30
DA:120,52
DA:123,30
LF:64
LH:47
BRDA:7,1,0,16
BRDA:7,1,1,0
BRDA:8,2,0,16
BRDA:8,2,1,15
BRDA:19,3,0,0
BRDA:19,3,1,0
BRDA:19,4,0,0
BRDA:19,4,1,0
BRDA:38,5,0,0
BRDA:38,5,1,0
BRDA:38,6,0,0
BRDA:38,6,1,0
BRDA:54,7,0,0
BRDA:54,7,1,16
BRDA:74,8,0,15
BRDA:74,8,1,0
BRDA:78,9,0,15
BRDA:78,9,1,0
BRDA:94,10,0,0
BRDA:94,10,1,0
BRDA:94,10,2,30
BRDA:94,10,3,0
BRDA:94,10,4,0
BRDA:114,11,0,4
BRDA:114,11,1,26
BRDA:120,12,0,26
BRDA:120,12,1,26
BRF:27
BRH:11
end_of_record
